{"level":"warn","message":"Unable to connect to Mix It Up!"}
{"level":"silly","message":"Adding AppBrowserView(url = , x = 0, y = 0, width = 0, height = 0)) to window."}
{"level":"silly","message":"Setting bounds {\"x\":0,\"y\":0,\"height\":75,\"width\":1220}"}
{"level":"silly","message":"Added AppBrowserView(url = , x = 0, y = 0, width = 1220, height = 75))"}
{"level":"debug","message":"Waiting for window with file ../electron-react-ui/index.html to be ready"}
{"level":"silly","message":"Adding AppBrowserView(url = , x = 0, y = 0, width = 0, height = 0)) to window."}
{"level":"silly","message":"Setting bounds {\"x\":0,\"y\":75,\"height\":5,\"width\":1230}"}
{"level":"silly","message":"Setting resizeOptions {\"width\":true}"}
{"level":"silly","message":"Added AppBrowserView(url = , x = 0, y = 75, width = 1230, height = 5))"}
{"level":"debug","message":"Waiting for window with file assets/divider.html to be ready"}
{"level":"silly","message":"Adding IpcMainEventListener for whatnot:main:status"}
{"level":"info","message":"Opening a new WhatNot browser window."}
{"level":"debug","message":"Waiting for window with URL https://www.whatnot.com to be ready"}
{"level":"debug","message":"Waiting for all the shit to load"}
{"level":"debug","message":"Window with file assets/divider.html is ready"}
{"level":"debug","message":"Window with file ../electron-react-ui/index.html is ready"}
{"level":"debug","message":"Document is ready, injecting the site view now","service":"Browser View Render Process"}
{"level":"debug","message":"Constructing a new DomWatcher object on TITLE","service":"Browser View Render Process"}
{"level":"info","message":"Constructing a new SiteWatcher object","service":"Browser View Render Process"}
{"level":"verbose","message":"Href changed from:  to https://www.whatnot.com/","service":"Browser View Render Process"}
{"level":"debug","message":"Constructing a SiteView","service":"Browser View Render Process"}
{"level":"info","message":"No view defined for https://www.whatnot.com/","service":"Browser View Render Process"}
{"level":"debug","message":"Current website status changed to UNKNOWN"}
{"level":"debug","message":"Window with URL https://www.whatnot.com is ready"}
{"level":"info","message":"Adding chatbox keypress event listener"}
{"level":"silly","message":"Adding IpcMainEventListener for whatnot:chat:send-keys"}
{"level":"silly","message":"Adding IpcMainEventListener for whatnot:chat:receive"}
{"level":"debug","message":"Shit has loaded"}
{"level":"silly","message":"Adding IpcMainEventListener for ui:navigate"}
{"level":"silly","message":"Adding AppBrowserView(url = https://www.whatnot.com/, x = 0, y = 0, width = 0, height = 0)) to window."}
{"level":"silly","message":"Setting bounds {\"x\":0,\"y\":80,\"height\":725,\"width\":1220}"}
{"level":"silly","message":"Setting resizeOptions {\"width\":true,\"height\":true}"}
{"level":"silly","message":"Added AppBrowserView(url = https://www.whatnot.com/, x = 0, y = 80, width = 1220, height = 725))"}
